<?xml version="1.0" encoding="UTF-8"?>
<!-- Generated by org.testng.reporters.JUnitReportReporter -->
<testsuite skipped="0" hostname="DESKTOP-S9NHUDN" name="selenium.Addtocart" tests="1" failures="0" timestamp="19 Jul 2020 11:01:24 GMT" time="40.319" errors="0">
  <testcase name="addtocarttest" time="40.319" classname="selenium.Addtocart"/>
</testsuite> <!-- selenium.Addtocart -->
