<?xml version="1.0" encoding="UTF-8"?>
<!-- Generated by org.testng.reporters.JUnitReportReporter -->
<testsuite skipped="0" hostname="DESKTOP-S9NHUDN" name="selenium.Register" tests="1" failures="0" timestamp="19 Jul 2020 11:01:24 GMT" time="45.170" errors="0">
  <testcase name="registertest" time="45.170" classname="selenium.Register"/>
</testsuite> <!-- selenium.Register -->
